  [1m[35m (13.7ms)[0m  [1m[35mCREATE TABLE "schema_migrations" ("version" character varying NOT NULL PRIMARY KEY)[0m
  [1m[35m (8.6ms)[0m  [1m[35mCREATE TABLE "ar_internal_metadata" ("key" character varying NOT NULL PRIMARY KEY, "value" character varying, "created_at" timestamp NOT NULL, "updated_at" timestamp NOT NULL)[0m
  [1m[35m (0.2ms)[0m  [1m[34mSELECT pg_try_advisory_lock(1654217820048626595)[0m
  [1m[35m (0.5ms)[0m  [1m[34mSELECT "schema_migrations"."version" FROM "schema_migrations" ORDER BY "schema_migrations"."version" ASC[0m
Migrating to CreateVotes (20171021162119)
  [1m[35m (0.2ms)[0m  [1m[35mBEGIN[0m
  [1m[35m (8.1ms)[0m  [1m[35mCREATE TABLE "votes" ("id" bigserial primary key, "congress_no" character varying, "chamber" character varying, "description" character varying, "date" character varying, "time" character varying, "session" character varying, "rollcall" character varying, "result" character varying, "vote_type" character varying, "question" character varying, "source" character varying, "url" character varying, "vote_uri" character varying, "created_at" timestamp NOT NULL, "updated_at" timestamp NOT NULL)[0m
  [1m[35mSQL (0.3ms)[0m  [1m[32mINSERT INTO "schema_migrations" ("version") VALUES ($1) RETURNING "version"[0m  [["version", "20171021162119"]]
  [1m[35m (3.9ms)[0m  [1m[35mCOMMIT[0m
Migrating to CreateVoteParties (20171021163028)
  [1m[35m (0.2ms)[0m  [1m[35mBEGIN[0m
  [1m[35m (6.8ms)[0m  [1m[35mCREATE TABLE "vote_parties" ("id" bigserial primary key, "party_name" character varying, "yes" integer, "no" integer, "present" integer, "not_voting" integer, "majority_position" character varying, "created_at" timestamp NOT NULL, "updated_at" timestamp NOT NULL)[0m
  [1m[35mSQL (0.2ms)[0m  [1m[32mINSERT INTO "schema_migrations" ("version") VALUES ($1) RETURNING "version"[0m  [["version", "20171021163028"]]
  [1m[35m (2.6ms)[0m  [1m[35mCOMMIT[0m
Migrating to CreateBills (20171021163620)
  [1m[35m (0.1ms)[0m  [1m[35mBEGIN[0m
  [1m[35m (9.6ms)[0m  [1m[35mCREATE TABLE "bills" ("id" bigserial primary key, "propublica_id" character varying, "bill_type" character varying, "number" character varying, "api_url" character varying, "title" character varying, "sponsor_id" character varying, "sponsor_title" character varying, "sponsor_name" character varying, "sponsor_state" character varying, "sponsor_party" character varying, "sponsor_uri" character varying, "cosponsors" integer, "gpo_pdf_uri" character varying, "congressdotgov_url" character varying, "govtrack_url" character varying, "introduced_date" character varying, "active" character varying, "house_passage" character varying, "senate_passage" character varying, "enacted" character varying, "vetoed" character varying, "committees" character varying, "committee_codes" character varying[], "subcommittee_codes" character varying[], "primary_subject" character varying, "summary" character varying, "summary_short" character varying, "latest_major_action_date" character varying, "latest_major_action" character varying, "latest_action" character varying, "created_at" timestamp NOT NULL, "updated_at" timestamp NOT NULL)[0m
  [1m[35mSQL (0.2ms)[0m  [1m[32mINSERT INTO "schema_migrations" ("version") VALUES ($1) RETURNING "version"[0m  [["version", "20171021163620"]]
  [1m[35m (2.8ms)[0m  [1m[35mCOMMIT[0m
  [1m[36mActiveRecord::InternalMetadata Load (0.4ms)[0m  [1m[34mSELECT  "ar_internal_metadata".* FROM "ar_internal_metadata" WHERE "ar_internal_metadata"."key" = $1 LIMIT $2[0m  [["key", "environment"], ["LIMIT", 1]]
  [1m[35m (0.2ms)[0m  [1m[35mBEGIN[0m
  [1m[35mSQL (0.4ms)[0m  [1m[32mINSERT INTO "ar_internal_metadata" ("key", "value", "created_at", "updated_at") VALUES ($1, $2, $3, $4) RETURNING "key"[0m  [["key", "environment"], ["value", "development"], ["created_at", "2017-10-21 17:13:51.664431"], ["updated_at", "2017-10-21 17:13:51.664431"]]
  [1m[35m (2.0ms)[0m  [1m[35mCOMMIT[0m
  [1m[35m (0.2ms)[0m  [1m[34mSELECT pg_advisory_unlock(1654217820048626595)[0m
  [1m[35m (0.2ms)[0m  [1m[34mSELECT "schema_migrations"."version" FROM "schema_migrations" ORDER BY "schema_migrations"."version" ASC[0m
